<?xml version="1.0" encoding="UTF-8"?>
<testng-results ignored="0" total="3" passed="3" failed="0" skipped="0">
  <reporter-output>
  </reporter-output>
  <suite started-at="2024-12-16T11:18:04 PST" name="Default suite" finished-at="2024-12-16T11:18:41 PST" duration-ms="36659">
    <groups>
    </groups>
    <test started-at="2024-12-16T11:18:04 PST" name="Default test" finished-at="2024-12-16T11:18:41 PST" duration-ms="36659">
      <class name="testcases.FbSigupTC001">
        <test-method signature="fbRegistration(java.lang.String,java.lang.String)[pri:0, instance:testcases.FbSigupTC001@8c3b9d]" started-at="2024-12-16T11:18:05 PST" name="fbRegistration" data-provider="fbreg" finished-at="2024-12-16T11:18:18 PST" duration-ms="12998" status="PASS">
          <params>
            <param index="0">
              <value>
                <![CDATA[Ganesh]]>
              </value>
            </param>
            <param index="1">
              <value>
                <![CDATA[Shiva]]>
              </value>
            </param>
          </params>
          <reporter-output>
          </reporter-output>
        </test-method> <!-- fbRegistration -->
        <test-method signature="fbRegistration(java.lang.String,java.lang.String)[pri:0, instance:testcases.FbSigupTC001@8c3b9d]" started-at="2024-12-16T11:18:18 PST" name="fbRegistration" data-provider="fbreg" finished-at="2024-12-16T11:18:29 PST" duration-ms="11706" status="PASS">
          <params>
            <param index="0">
              <value>
                <![CDATA[Rahul]]>
              </value>
            </param>
            <param index="1">
              <value>
                <![CDATA[Kumar]]>
              </value>
            </param>
          </params>
          <reporter-output>
          </reporter-output>
        </test-method> <!-- fbRegistration -->
        <test-method signature="fbRegistration(java.lang.String,java.lang.String)[pri:0, instance:testcases.FbSigupTC001@8c3b9d]" started-at="2024-12-16T11:18:29 PST" name="fbRegistration" data-provider="fbreg" finished-at="2024-12-16T11:18:41 PST" duration-ms="11435" status="PASS">
          <params>
            <param index="0">
              <value>
                <![CDATA[Priya]]>
              </value>
            </param>
            <param index="1">
              <value>
                <![CDATA[Patel]]>
              </value>
            </param>
          </params>
          <reporter-output>
          </reporter-output>
        </test-method> <!-- fbRegistration -->
      </class> <!-- testcases.FbSigupTC001 -->
    </test> <!-- Default test -->
  </suite> <!-- Default suite -->
</testng-results>
