<?xml version="1.0" encoding="UTF-8"?>
<!-- Generated by org.testng.reporters.JUnitXMLReporter -->
<testsuite ignored="0" hostname="DESKTOP-EG9S55C" failures="0" tests="3" name="Default test" time="36.659" errors="0" timestamp="2024-12-16T11:18:41 PST">
  <testcase classname="testcases.FbSigupTC001" name="fbRegistration" time="12.998"/>
  <testcase classname="testcases.FbSigupTC001" name="fbRegistration" time="11.706"/>
  <testcase classname="testcases.FbSigupTC001" name="fbRegistration" time="11.435"/>
</testsuite> <!-- Default test -->
